Determining if the pthread_create exist failed with the following output:
Change Dir: /home/carol/ros_test/build/CMakeFiles/CMakeTmp

Run Build Command:"/usr/bin/make" "cmTC_c5019/fast"
/usr/bin/make -f CMakeFiles/cmTC_c5019.dir/build.make CMakeFiles/cmTC_c5019.dir/build
make[1]: 进入目录“/home/carol/ros_test/build/CMakeFiles/CMakeTmp”
Building C object CMakeFiles/cmTC_c5019.dir/CheckSymbolExists.c.o
/usr/bin/cc    -o CMakeFiles/cmTC_c5019.dir/CheckSymbolExists.c.o   -c /home/carol/ros_test/build/CMakeFiles/CMakeTmp/CheckSymbolExists.c
Linking C executable cmTC_c5019
/usr/bin/cmake -E cmake_link_script CMakeFiles/cmTC_c5019.dir/link.txt --verbose=1
/usr/bin/cc      -rdynamic CMakeFiles/cmTC_c5019.dir/CheckSymbolExists.c.o  -o cmTC_c5019 
CMakeFiles/cmTC_c5019.dir/CheckSymbolExists.c.o：在函数‘main’中：
CheckSymbolExists.c:(.text+0x1b)：对‘pthread_create’未定义的引用
collect2: error: ld returned 1 exit status
CMakeFiles/cmTC_c5019.dir/build.make:97: recipe for target 'cmTC_c5019' failed
make[1]: *** [cmTC_c5019] Error 1
make[1]: 离开目录“/home/carol/ros_test/build/CMakeFiles/CMakeTmp”
Makefile:126: recipe for target 'cmTC_c5019/fast' failed
make: *** [cmTC_c5019/fast] Error 2

File /home/carol/ros_test/build/CMakeFiles/CMakeTmp/CheckSymbolExists.c:
/* */
#include <pthread.h>

int main(int argc, char** argv)
{
  (void)argv;
#ifndef pthread_create
  return ((int*)(&pthread_create))[argc];
#else
  (void)argc;
  return 0;
#endif
}

Determining if the function pthread_create exists in the pthreads failed with the following output:
Change Dir: /home/carol/ros_test/build/CMakeFiles/CMakeTmp

Run Build Command:"/usr/bin/make" "cmTC_da6dd/fast"
/usr/bin/make -f CMakeFiles/cmTC_da6dd.dir/build.make CMakeFiles/cmTC_da6dd.dir/build
make[1]: 进入目录“/home/carol/ros_test/build/CMakeFiles/CMakeTmp”
Building C object CMakeFiles/cmTC_da6dd.dir/CheckFunctionExists.c.o
/usr/bin/cc   -DCHECK_FUNCTION_EXISTS=pthread_create   -o CMakeFiles/cmTC_da6dd.dir/CheckFunctionExists.c.o   -c /usr/share/cmake-3.10/Modules/CheckFunctionExists.c
Linking C executable cmTC_da6dd
/usr/bin/cmake -E cmake_link_script CMakeFiles/cmTC_da6dd.dir/link.txt --verbose=1
/usr/bin/cc  -DCHECK_FUNCTION_EXISTS=pthread_create    -rdynamic CMakeFiles/cmTC_da6dd.dir/CheckFunctionExists.c.o  -o cmTC_da6dd -lpthreads 
/usr/bin/ld: 找不到 -lpthreads
collect2: error: ld returned 1 exit status
CMakeFiles/cmTC_da6dd.dir/build.make:97: recipe for target 'cmTC_da6dd' failed
make[1]: *** [cmTC_da6dd] Error 1
make[1]: 离开目录“/home/carol/ros_test/build/CMakeFiles/CMakeTmp”
Makefile:126: recipe for target 'cmTC_da6dd/fast' failed
make: *** [cmTC_da6dd/fast] Error 2


